# JRE version: Java(TM) SE Runtime Environment (8.0_74-b02) (build 1.8.0_74-b02)
# Java VM: Java HotSpot(TM) 64-Bit Server VM (25.74-b02 mixed mode windows-amd64 compressed oops)
Heap:
 PSYoungGen      total 452096K, used 327107K [0x00000000d5a00000, 0x00000000f8280000, 0x0000000100000000)
  eden space 369664K, 68% used [0x00000000d5a00000,0x00000000e5227cc0,0x00000000ec300000)
  from space 82432K, 88% used [0x00000000f1a00000,0x00000000f6149058,0x00000000f6a80000)
  to   space 89088K, 0% used [0x00000000ec300000,0x00000000ec300000,0x00000000f1a00000)
 ParOldGen       total 224256K, used 100485K [0x0000000080e00000, 0x000000008e900000, 0x00000000d5a00000)
  object space 224256K, 44% used [0x0000000080e00000,0x0000000087021668,0x000000008e900000)
 Metaspace       used 61672K, capacity 62434K, committed 62936K, reserved 1103872K
  class space    used 7408K, capacity 7635K, committed 7680K, reserved 1048576K
GC Heap History (10 events):
Event: 6164.653 GC heap before
{Heap before GC invocations=25 (full 5):
 PSYoungGen      total 365056K, used 333824K [0x00000000d5a00000, 0x00000000f8c80000, 0x0000000100000000)
  eden space 333824K, 100% used [0x00000000d5a00000,0x00000000ea000000,0x00000000ea000000)
  from space 31232K, 0% used [0x00000000ee900000,0x00000000ee900000,0x00000000f0780000)
  to   space 74752K, 0% used [0x00000000ea000000,0x00000000ea000000,0x00000000ee900000)
 ParOldGen       total 131584K, used 106734K [0x0000000080e00000, 0x0000000088e80000, 0x00000000d5a00000)
  object space 131584K, 81% used [0x0000000080e00000,0x000000008763ba00,0x0000000088e80000)
 Metaspace       used 61594K, capacity 62352K, committed 62936K, reserved 1103872K
  class space    used 7405K, capacity 7629K, committed 7680K, reserved 1048576K
Event: 6164.825 GC heap after
Heap after GC invocations=25 (full 5):
 PSYoungGen      total 365056K, used 0K [0x00000000d5a00000, 0x00000000f8c80000, 0x0000000100000000)
  eden space 333824K, 0% used [0x00000000d5a00000,0x00000000d5a00000,0x00000000ea000000)
  from space 31232K, 0% used [0x00000000ee900000,0x00000000ee900000,0x00000000f0780000)
  to   space 74752K, 0% used [0x00000000ea000000,0x00000000ea000000,0x00000000ee900000)
 ParOldGen       total 224256K, used 100469K [0x0000000080e00000, 0x000000008e900000, 0x00000000d5a00000)
  object space 224256K, 44% used [0x0000000080e00000,0x000000008701d668,0x000000008e900000)
 Metaspace       used 61594K, capacity 62352K, committed 62936K, reserved 1103872K
  class space    used 7405K, capacity 7629K, committed 7680K, reserved 1048576K
}
Event: 6172.296 GC heap before
{Heap before GC invocations=26 (full 5):
 PSYoungGen      total 365056K, used 333824K [0x00000000d5a00000, 0x00000000f8c80000, 0x0000000100000000)
  eden space 333824K, 100% used [0x00000000d5a00000,0x00000000ea000000,0x00000000ea000000)
  from space 31232K, 0% used [0x00000000ee900000,0x00000000ee900000,0x00000000f0780000)
  to   space 74752K, 0% used [0x00000000ea000000,0x00000000ea000000,0x00000000ee900000)
 ParOldGen       total 224256K, used 100469K [0x0000000080e00000, 0x000000008e900000, 0x00000000d5a00000)
  object space 224256K, 44% used [0x0000000080e00000,0x000000008701d668,0x000000008e900000)
 Metaspace       used 61630K, capacity 62358K, committed 62936K, reserved 1103872K
  class space    used 7406K, capacity 7631K, committed 7680K, reserved 1048576K
Event: 6172.355 GC heap after
Heap after GC invocations=26 (full 5):
 PSYoungGen      total 408576K, used 63326K [0x00000000d5a00000, 0x00000000f6a80000, 0x0000000100000000)
  eden space 333824K, 0% used [0x00000000d5a00000,0x00000000d5a00000,0x00000000ea000000)
  from space 74752K, 84% used [0x00000000ea000000,0x00000000eddd79f0,0x00000000ee900000)
  to   space 82432K, 0% used [0x00000000f1a00000,0x00000000f1a00000,0x00000000f6a80000)
 ParOldGen       total 224256K, used 100477K [0x0000000080e00000, 0x000000008e900000, 0x00000000d5a00000)
  object space 224256K, 44% used [0x0000000080e00000,0x000000008701f668,0x000000008e900000)
 Metaspace       used 61630K, capacity 62358K, committed 62936K, reserved 1103872K
  class space    used 7406K, capacity 7631K, committed 7680K, reserved 1048576K
}
Event: 6173.890 GC heap before
{Heap before GC invocations=27 (full 5):
 PSYoungGen      total 408576K, used 397150K [0x00000000d5a00000, 0x00000000f6a80000, 0x0000000100000000)
  eden space 333824K, 100% used [0x00000000d5a00000,0x00000000ea000000,0x00000000ea000000)
  from space 74752K, 84% used [0x00000000ea000000,0x00000000eddd79f0,0x00000000ee900000)
  to   space 82432K, 0% used [0x00000000f1a00000,0x00000000f1a00000,0x00000000f6a80000)
 ParOldGen       total 224256K, used 100477K [0x0000000080e00000, 0x000000008e900000, 0x00000000d5a00000)
  object space 224256K, 44% used [0x0000000080e00000,0x000000008701f668,0x000000008e900000)
 Metaspace       used 61630K, capacity 62358K, committed 62936K, reserved 1103872K
  class space    used 7406K, capacity 7631K, committed 7680K, reserved 1048576K
Event: 6173.960 GC heap after
Heap after GC invocations=27 (full 5):
 PSYoungGen      total 452096K, used 63604K [0x00000000d5a00000, 0x00000000f8280000, 0x0000000100000000)
  eden space 369664K, 0% used [0x00000000d5a00000,0x00000000d5a00000,0x00000000ec300000)
  from space 82432K, 77% used [0x00000000f1a00000,0x00000000f581d048,0x00000000f6a80000)
  to   space 89088K, 0% used [0x00000000ec300000,0x00000000ec300000,0x00000000f1a00000)
 ParOldGen       total 224256K, used 100477K [0x0000000080e00000, 0x000000008e900000, 0x00000000d5a00000)
  object space 224256K, 44% used [0x0000000080e00000,0x000000008701f668,0x000000008e900000)
 Metaspace       used 61630K, capacity 62358K, committed 62936K, reserved 1103872K
  class space    used 7406K, capacity 7631K, committed 7680K, reserved 1048576K
}
Event: 6187.015 GC heap before
{Heap before GC invocations=28 (full 5):
 PSYoungGen      total 452096K, used 433268K [0x00000000d5a00000, 0x00000000f8280000, 0x0000000100000000)
  eden space 369664K, 100% used [0x00000000d5a00000,0x00000000ec300000,0x00000000ec300000)
  from space 82432K, 77% used [0x00000000f1a00000,0x00000000f581d048,0x00000000f6a80000)
  to   space 89088K, 0% used [0x00000000ec300000,0x00000000ec300000,0x00000000f1a00000)
 ParOldGen       total 224256K, used 100477K [0x0000000080e00000, 0x000000008e900000, 0x00000000d5a00000)
  object space 224256K, 44% used [0x0000000080e00000,0x000000008701f668,0x000000008e900000)
 Metaspace       used 61668K, capacity 62434K, committed 62936K, reserved 1103872K
  class space    used 7408K, capacity 7635K, committed 7680K, reserved 1048576K
Event: 6187.084 GC heap after
Heap after GC invocations=28 (full 5):
 PSYoungGen      total 458752K, used 71692K [0x00000000d5a00000, 0x00000000f8280000, 0x0000000100000000)
  eden space 369664K, 0% used [0x00000000d5a00000,0x00000000d5a00000,0x00000000ec300000)
  from space 89088K, 80% used [0x00000000ec300000,0x00000000f09030c0,0x00000000f1a00000)
  to   space 82432K, 0% used [0x00000000f1a00000,0x00000000f1a00000,0x00000000f6a80000)
 ParOldGen       total 224256K, used 100485K [0x0000000080e00000, 0x000000008e900000, 0x00000000d5a00000)
  object space 224256K, 44% used [0x0000000080e00000,0x0000000087021668,0x000000008e900000)
 Metaspace       used 61668K, capacity 62434K, committed 62936K, reserved 1103872K
  class space    used 7408K, capacity 7635K, committed 7680K, reserved 1048576K
}
Event: 6188.609 GC heap before
{Heap before GC invocations=29 (full 5):
 PSYoungGen      total 458752K, used 441356K [0x00000000d5a00000, 0x00000000f8280000, 0x0000000100000000)
  eden space 369664K, 100% used [0x00000000d5a00000,0x00000000ec300000,0x00000000ec300000)
  from space 89088K, 80% used [0x00000000ec300000,0x00000000f09030c0,0x00000000f1a00000)
  to   space 82432K, 0% used [0x00000000f1a00000,0x00000000f1a00000,0x00000000f6a80000)
 ParOldGen       total 224256K, used 100485K [0x0000000080e00000, 0x000000008e900000, 0x00000000d5a00000)
  object space 224256K, 44% used [0x0000000080e00000,0x0000000087021668,0x000000008e900000)
 Metaspace       used 61668K, capacity 62434K, committed 62936K, reserved 1103872K
  class space    used 7408K, capacity 7635K, committed 7680K, reserved 1048576K
Event: 6188.678 GC heap after
Heap after GC invocations=29 (full 5):
 PSYoungGen      total 452096K, used 72996K [0x00000000d5a00000, 0x00000000f8280000, 0x0000000100000000)
  eden space 369664K, 0% used [0x00000000d5a00000,0x00000000d5a00000,0x00000000ec300000)
  from space 82432K, 88% used [0x00000000f1a00000,0x00000000f6149058,0x00000000f6a80000)
  to   space 89088K, 0% used [0x00000000ec300000,0x00000000ec300000,0x00000000f1a00000)
 ParOldGen       total 224256K, used 100485K [0x0000000080e00000, 0x000000008e900000, 0x00000000d5a00000)
  object space 224256K, 44% used [0x0000000080e00000,0x0000000087021668,0x000000008e900000)
 Metaspace       used 61668K, capacity 62434K, committed 62936K, reserved 1103872K
  class space    used 7408K, capacity 7635K, committed 7680K, reserved 1048576K
}

